<?xml version="1.0" encoding="UTF-8"?>
<!-- Generated by org.testng.reporters.JUnitReportReporter -->
<testsuite skipped="0" hostname="Hannahs-MacBook-Pro.local" name="com.wolfram.sdetchallenge.testng.ExpectedResultTest" tests="7" failures="0" timestamp="12 Mar 2019 00:37:21 GMT" time="42.484" errors="0">
  <testcase name="checkExpectedResult" time="5.296" classname="com.wolfram.sdetchallenge.testng.ExpectedResultTest"/>
  <testcase name="checkExpectedResult" time="6.407" classname="com.wolfram.sdetchallenge.testng.ExpectedResultTest"/>
  <testcase name="checkExpectedResult" time="6.981" classname="com.wolfram.sdetchallenge.testng.ExpectedResultTest"/>
  <testcase name="checkExpectedResult" time="5.730" classname="com.wolfram.sdetchallenge.testng.ExpectedResultTest"/>
  <testcase name="checkExpectedResult" time="6.491" classname="com.wolfram.sdetchallenge.testng.ExpectedResultTest"/>
  <testcase name="checkExpectedResult" time="5.428" classname="com.wolfram.sdetchallenge.testng.ExpectedResultTest"/>
  <testcase name="checkExpectedResult" time="6.151" classname="com.wolfram.sdetchallenge.testng.ExpectedResultTest"/>
</testsuite> <!-- com.wolfram.sdetchallenge.testng.ExpectedResultTest -->
