<?xml version="1.0" encoding="UTF-8"?>
<!-- Generated by org.testng.reporters.JUnitReportReporter -->
<testsuite skipped="0" hostname="Hannahs-MacBook-Pro.local" name="com.wolfram.sdetchallenge.testng.InputMatchTest" tests="5" failures="0" timestamp="12 Mar 2019 00:37:21 GMT" time="30.407" errors="0">
  <testcase name="confirmTestInput" time="5.574" classname="com.wolfram.sdetchallenge.testng.InputMatchTest"/>
  <testcase name="confirmTestInput" time="6.088" classname="com.wolfram.sdetchallenge.testng.InputMatchTest"/>
  <testcase name="confirmTestInput" time="6.432" classname="com.wolfram.sdetchallenge.testng.InputMatchTest"/>
  <testcase name="confirmTestInput" time="4.711" classname="com.wolfram.sdetchallenge.testng.InputMatchTest"/>
  <testcase name="confirmTestInput" time="7.602" classname="com.wolfram.sdetchallenge.testng.InputMatchTest"/>
</testsuite> <!-- com.wolfram.sdetchallenge.testng.InputMatchTest -->
