<?xml version="1.0" encoding="UTF-8"?>
<!-- Generated by org.testng.reporters.JUnitReportReporter -->
<testsuite skipped="0" hostname="Hannahs-MacBook-Pro.local" name="com.wolfram.sdetchallenge.testng.InputPageButtonCheck" tests="5" failures="0" timestamp="13 Mar 2019 18:02:49 GMT" time="10.432" errors="0">
  <testcase name="verifyMathematicsButton" time="1.283" classname="com.wolfram.sdetchallenge.testng.InputPageButtonCheck"/>
  <testcase name="verifyEverydayLifeButton" time="1.817" classname="com.wolfram.sdetchallenge.testng.InputPageButtonCheck"/>
  <testcase name="verifyScienceTechButton" time="1.220" classname="com.wolfram.sdetchallenge.testng.InputPageButtonCheck"/>
  <testcase name="verifyBrowseExamplesButton" time="4.921" classname="com.wolfram.sdetchallenge.testng.InputPageButtonCheck"/>
  <testcase name="verifySocCultureButton" time="1.191" classname="com.wolfram.sdetchallenge.testng.InputPageButtonCheck"/>
</testsuite> <!-- com.wolfram.sdetchallenge.testng.InputPageButtonCheck -->
