<?xml version="1.0" encoding="UTF-8"?>
<!-- Generated by org.testng.reporters.JUnitReportReporter -->
<testsuite skipped="0" hostname="Hannahs-MacBook-Pro.local" name="com.wolfram.sdetchallenge.testng.NotebookInputTest" tests="1" failures="0" timestamp="11 Mar 2019 01:59:51 GMT" time="13.249" errors="0">
  <testcase name="createNotebookTest" time="13.249" classname="com.wolfram.sdetchallenge.testng.NotebookInputTest"/>
</testsuite> <!-- com.wolfram.sdetchallenge.testng.NotebookInputTest -->
