<?xml version="1.0" encoding="UTF-8"?>
<!-- Generated by org.testng.reporters.JUnitReportReporter -->
<testsuite skipped="0" hostname="Hannahs-MacBook-Pro.local" name="com.wolfram.sdetchallenge.testng.CreateNotebookTest" tests="1" failures="0" timestamp="12 Mar 2019 00:37:21 GMT" time="13.456" errors="0">
  <testcase name="createNotebookTest" time="13.456" classname="com.wolfram.sdetchallenge.testng.CreateNotebookTest"/>
</testsuite> <!-- com.wolfram.sdetchallenge.testng.CreateNotebookTest -->
