<?xml version="1.0" encoding="UTF-8"?>
<!-- Generated by org.testng.reporters.JUnitReportReporter -->
<testsuite skipped="0" hostname="hannahs-mbp.wireless.cougars.int" name="com.wolfram.sdetchallenge.testng.ExpectedResultTest" tests="7" failures="0" timestamp="13 Mar 2019 15:33:13 GMT" time="36.958" errors="0">
  <testcase name="checkExpectedResult" time="4.772" classname="com.wolfram.sdetchallenge.testng.ExpectedResultTest"/>
  <testcase name="checkExpectedResult" time="4.818" classname="com.wolfram.sdetchallenge.testng.ExpectedResultTest"/>
  <testcase name="checkExpectedResult" time="6.234" classname="com.wolfram.sdetchallenge.testng.ExpectedResultTest"/>
  <testcase name="checkExpectedResult" time="5.580" classname="com.wolfram.sdetchallenge.testng.ExpectedResultTest"/>
  <testcase name="checkExpectedResult" time="4.696" classname="com.wolfram.sdetchallenge.testng.ExpectedResultTest"/>
  <testcase name="checkExpectedResult" time="6.727" classname="com.wolfram.sdetchallenge.testng.ExpectedResultTest"/>
  <testcase name="checkExpectedResult" time="4.131" classname="com.wolfram.sdetchallenge.testng.ExpectedResultTest"/>
</testsuite> <!-- com.wolfram.sdetchallenge.testng.ExpectedResultTest -->
