<?xml version="1.0" encoding="UTF-8"?>
<!-- Generated by org.testng.reporters.JUnitReportReporter -->
<testsuite skipped="0" hostname="Hannahs-MacBook-Pro.local" name="com.wolfram.sdetchallenge.testng.ExpectedResultTest" tests="7" failures="0" timestamp="13 Mar 2019 18:02:49 GMT" time="35.264" errors="0">
  <testcase name="checkExpectedResult" time="3.676" classname="com.wolfram.sdetchallenge.testng.ExpectedResultTest"/>
  <testcase name="checkExpectedResult" time="6.126" classname="com.wolfram.sdetchallenge.testng.ExpectedResultTest"/>
  <testcase name="checkExpectedResult" time="4.174" classname="com.wolfram.sdetchallenge.testng.ExpectedResultTest"/>
  <testcase name="checkExpectedResult" time="6.415" classname="com.wolfram.sdetchallenge.testng.ExpectedResultTest"/>
  <testcase name="checkExpectedResult" time="4.345" classname="com.wolfram.sdetchallenge.testng.ExpectedResultTest"/>
  <testcase name="checkExpectedResult" time="6.608" classname="com.wolfram.sdetchallenge.testng.ExpectedResultTest"/>
  <testcase name="checkExpectedResult" time="3.920" classname="com.wolfram.sdetchallenge.testng.ExpectedResultTest"/>
</testsuite> <!-- com.wolfram.sdetchallenge.testng.ExpectedResultTest -->
