<?xml version="1.0" encoding="UTF-8"?>
<!-- Generated by org.testng.reporters.JUnitReportReporter -->
<testsuite skipped="0" hostname="Hannahs-MacBook-Pro.local" name="com.wolfram.sdetchallenge.testng.NotebookButtonCheck" tests="2" failures="0" timestamp="13 Mar 2019 18:02:49 GMT" time="25.225" errors="0">
  <testcase name="hyperLinkTest" time="12.717" classname="com.wolfram.sdetchallenge.testng.NotebookButtonCheck"/>
  <testcase name="specialCharactersTest" time="12.508" classname="com.wolfram.sdetchallenge.testng.NotebookButtonCheck"/>
</testsuite> <!-- com.wolfram.sdetchallenge.testng.NotebookButtonCheck -->
