<?xml version="1.0" encoding="UTF-8"?>
<!-- Generated by org.testng.reporters.JUnitReportReporter -->
<testsuite skipped="0" hostname="Hannahs-MacBook-Pro.local" name="com.wolfram.sdetchallenge.testng.NotebookButtonCheck" tests="2" failures="0" timestamp="12 Mar 2019 00:37:21 GMT" time="26.569" errors="0">
  <testcase name="specialCharactersTest" time="12.926" classname="com.wolfram.sdetchallenge.testng.NotebookButtonCheck"/>
  <testcase name="hyperLinkTest" time="13.643" classname="com.wolfram.sdetchallenge.testng.NotebookButtonCheck"/>
</testsuite> <!-- com.wolfram.sdetchallenge.testng.NotebookButtonCheck -->
