<?xml version="1.0" encoding="UTF-8"?>
<!-- Generated by org.testng.reporters.JUnitReportReporter -->
<testsuite skipped="0" hostname="hannahs-mbp.wireless.cougars.int" name="com.wolfram.sdetchallenge.testng.NotebookButtonCheck" tests="2" failures="0" timestamp="13 Mar 2019 15:33:13 GMT" time="24.766" errors="0">
  <testcase name="hyperLinkTest" time="12.340" classname="com.wolfram.sdetchallenge.testng.NotebookButtonCheck"/>
  <testcase name="specialCharactersTest" time="12.426" classname="com.wolfram.sdetchallenge.testng.NotebookButtonCheck"/>
</testsuite> <!-- com.wolfram.sdetchallenge.testng.NotebookButtonCheck -->
