<?xml version="1.0" encoding="UTF-8"?>
<!-- Generated by org.testng.reporters.JUnitReportReporter -->
<testsuite skipped="0" hostname="Hannahs-MacBook-Pro.local" name="com.wolfram.sdetchallenge.testng.InputMatchTest" tests="5" failures="0" timestamp="13 Mar 2019 18:02:49 GMT" time="26.984" errors="0">
  <testcase name="confirmTestInput" time="6.552" classname="com.wolfram.sdetchallenge.testng.InputMatchTest"/>
  <testcase name="confirmTestInput" time="3.892" classname="com.wolfram.sdetchallenge.testng.InputMatchTest"/>
  <testcase name="confirmTestInput" time="5.569" classname="com.wolfram.sdetchallenge.testng.InputMatchTest"/>
  <testcase name="confirmTestInput" time="5.251" classname="com.wolfram.sdetchallenge.testng.InputMatchTest"/>
  <testcase name="confirmTestInput" time="5.720" classname="com.wolfram.sdetchallenge.testng.InputMatchTest"/>
</testsuite> <!-- com.wolfram.sdetchallenge.testng.InputMatchTest -->
