<?xml version="1.0" encoding="UTF-8"?>
<!-- Generated by org.testng.reporters.JUnitReportReporter -->
<testsuite skipped="0" hostname="hannahs-mbp.wireless.cougars.int" name="com.wolfram.sdetchallenge.testng.CreateNotebookTest" tests="1" failures="0" timestamp="13 Mar 2019 15:33:13 GMT" time="12.538" errors="0">
  <testcase name="createNotebookTest" time="12.538" classname="com.wolfram.sdetchallenge.testng.CreateNotebookTest"/>
</testsuite> <!-- com.wolfram.sdetchallenge.testng.CreateNotebookTest -->
