<?xml version="1.0" encoding="UTF-8"?>
<!-- Generated by org.testng.reporters.JUnitReportReporter -->
<testsuite skipped="0" hostname="Hannahs-MacBook-Pro.local" name="com.wolfram.sdetchallenge.testng.InputPageButtonCheck" tests="3" failures="0" timestamp="12 Mar 2019 00:37:21 GMT" time="9.957" errors="0">
  <testcase name="verifyScienceTechButton" time="1.417" classname="com.wolfram.sdetchallenge.testng.InputPageButtonCheck"/>
  <testcase name="verifyBrowseExamplesButton" time="5.978" classname="com.wolfram.sdetchallenge.testng.InputPageButtonCheck"/>
  <testcase name="verifyMathematicsButton" time="2.562" classname="com.wolfram.sdetchallenge.testng.InputPageButtonCheck"/>
</testsuite> <!-- com.wolfram.sdetchallenge.testng.InputPageButtonCheck -->
