<?xml version="1.0" encoding="UTF-8"?>
<!-- Generated by org.testng.reporters.JUnitReportReporter -->
<testsuite skipped="0" hostname="hannahs-mbp.lan" name="com.wolfram.sdetchallenge.testng.HomePageButtonCheck" tests="2" failures="0" timestamp="10 Mar 2019 22:01:46 GMT" time="8.825" errors="0">
  <testcase name="verifyMathematics" time="2.878" classname="com.wolfram.sdetchallenge.testng.HomePageButtonCheck"/>
  <testcase name="verifyBrowseExamplesButton" time="5.947" classname="com.wolfram.sdetchallenge.testng.HomePageButtonCheck"/>
</testsuite> <!-- com.wolfram.sdetchallenge.testng.HomePageButtonCheck -->
