<?xml version="1.0" encoding="UTF-8"?>
<!-- Generated by org.testng.reporters.JUnitReportReporter -->
<testsuite skipped="0" hostname="Hannahs-MacBook-Pro.local" name="com.wolfram.sdetchallenge.testng.CreateNotebookTest" tests="1" failures="0" timestamp="13 Mar 2019 18:02:49 GMT" time="12.770" errors="0">
  <testcase name="createNotebookTest" time="12.770" classname="com.wolfram.sdetchallenge.testng.CreateNotebookTest"/>
</testsuite> <!-- com.wolfram.sdetchallenge.testng.CreateNotebookTest -->
