<?xml version="1.0" encoding="UTF-8"?>
<!-- Generated by org.testng.reporters.JUnitReportReporter -->
<testsuite skipped="0" hostname="hannahs-mbp.wireless.cougars.int" name="com.wolfram.sdetchallenge.testng.InputPageButtonCheck" tests="5" failures="0" timestamp="13 Mar 2019 15:33:13 GMT" time="11.298" errors="0">
  <testcase name="verifyMathematicsButton" time="1.458" classname="com.wolfram.sdetchallenge.testng.InputPageButtonCheck"/>
  <testcase name="verifyEverydayLifeButton" time="1.598" classname="com.wolfram.sdetchallenge.testng.InputPageButtonCheck"/>
  <testcase name="verifyScienceTechButton" time="1.221" classname="com.wolfram.sdetchallenge.testng.InputPageButtonCheck"/>
  <testcase name="verifyBrowseExamplesButton" time="5.738" classname="com.wolfram.sdetchallenge.testng.InputPageButtonCheck"/>
  <testcase name="verifySocCultureButton" time="1.283" classname="com.wolfram.sdetchallenge.testng.InputPageButtonCheck"/>
</testsuite> <!-- com.wolfram.sdetchallenge.testng.InputPageButtonCheck -->
