<?xml version="1.0" encoding="UTF-8"?>
<!-- Generated by org.testng.reporters.JUnitReportReporter -->
<testsuite skipped="0" hostname="hannahs-mbp.wireless.cougars.int" name="com.wolfram.sdetchallenge.testng.InputMatchTest" tests="5" failures="0" timestamp="13 Mar 2019 15:33:13 GMT" time="27.554" errors="0">
  <testcase name="confirmTestInput" time="6.726" classname="com.wolfram.sdetchallenge.testng.InputMatchTest"/>
  <testcase name="confirmTestInput" time="5.391" classname="com.wolfram.sdetchallenge.testng.InputMatchTest"/>
  <testcase name="confirmTestInput" time="5.452" classname="com.wolfram.sdetchallenge.testng.InputMatchTest"/>
  <testcase name="confirmTestInput" time="4.573" classname="com.wolfram.sdetchallenge.testng.InputMatchTest"/>
  <testcase name="confirmTestInput" time="5.412" classname="com.wolfram.sdetchallenge.testng.InputMatchTest"/>
</testsuite> <!-- com.wolfram.sdetchallenge.testng.InputMatchTest -->
